<?xml version="1.0" encoding="UTF-8"?>
<!-- Generated by org.testng.reporters.JUnitXMLReporter -->
<testsuite ignored="0" hostname="Jorges-MacBook-Pro-2.local" failures="0" tests="3" name="Surefire test" time="3.955" errors="0" timestamp="2024-09-06T02:05:50 PET">
  <testcase classname="HerokuApp.DropdownTest" name="dropdownTest" time="2.891"/>
  <testcase classname="HerokuApp.DataTablesTest" name="dataTableTest" time="0.287"/>
  <testcase classname="HerokuApp.LoginTest" name="loginTest" time="0.744"/>
</testsuite> <!-- Surefire test -->
