<?xml version="1.0" encoding="UTF-8"?>
<testng-results ignored="0" total="3" passed="3" failed="0" skipped="0">
  <reporter-output>
  </reporter-output>
  <suite started-at="2024-09-06T02:05:46 PET" name="Surefire suite" finished-at="2024-09-06T02:05:50 PET" duration-ms="3955">
    <groups>
    </groups>
    <test started-at="2024-09-06T02:05:46 PET" name="Surefire test" finished-at="2024-09-06T02:05:50 PET" duration-ms="3955">
      <class name="HerokuApp.DataTablesTest">
        <test-method signature="dataTableTest()[pri:0, instance:HerokuApp.DataTablesTest@3541cb24]" started-at="2024-09-06T02:05:49 PET" name="dataTableTest" finished-at="2024-09-06T02:05:49 PET" duration-ms="287" status="PASS">
          <reporter-output>
          </reporter-output>
        </test-method> <!-- dataTableTest -->
        <test-method is-config="true" signature="setUp()[pri:0, instance:HerokuApp.DataTablesTest@3541cb24]" started-at="2024-09-06T02:05:49 PET" name="setUp" finished-at="2024-09-06T02:05:49 PET" duration-ms="0" status="PASS">
          <reporter-output>
          </reporter-output>
        </test-method> <!-- setUp -->
      </class> <!-- HerokuApp.DataTablesTest -->
      <class name="HerokuApp.DropdownTest">
        <test-method is-config="true" signature="setUp()[pri:0, instance:HerokuApp.DropdownTest@3e96bacf]" started-at="2024-09-06T02:05:46 PET" name="setUp" finished-at="2024-09-06T02:05:46 PET" duration-ms="10" status="PASS">
          <reporter-output>
          </reporter-output>
        </test-method> <!-- setUp -->
        <test-method signature="dropdownTest()[pri:0, instance:HerokuApp.DropdownTest@3e96bacf]" started-at="2024-09-06T02:05:46 PET" name="dropdownTest" finished-at="2024-09-06T02:05:49 PET" duration-ms="2891" status="PASS">
          <reporter-output>
          </reporter-output>
        </test-method> <!-- dropdownTest -->
      </class> <!-- HerokuApp.DropdownTest -->
      <class name="HerokuApp.LoginTest">
        <test-method is-config="true" signature="setUp()[pri:0, instance:HerokuApp.LoginTest@13b13b5d]" started-at="2024-09-06T02:05:49 PET" name="setUp" finished-at="2024-09-06T02:05:49 PET" duration-ms="1" status="PASS">
          <reporter-output>
          </reporter-output>
        </test-method> <!-- setUp -->
        <test-method signature="loginTest()[pri:0, instance:HerokuApp.LoginTest@13b13b5d]" started-at="2024-09-06T02:05:49 PET" name="loginTest" finished-at="2024-09-06T02:05:50 PET" duration-ms="744" status="PASS">
          <reporter-output>
          </reporter-output>
        </test-method> <!-- loginTest -->
      </class> <!-- HerokuApp.LoginTest -->
    </test> <!-- Surefire test -->
  </suite> <!-- Surefire suite -->
</testng-results>
